
> recipe-manager@0.1.0 dev
> next dev --turbopack

   ▲ Next.js 15.5.3 (Turbopack)
   - Local:        http://localhost:3000
   - Network:      http://192.168.5.254:3000
   - Environments: .env.local
   - Experiments (use with caution):
     · serverActions

 ✓ Starting...
 ✓ Compiled middleware in 162ms
 ✓ Ready in 873ms
 ⨯ [Error: Publishable key not valid.]
 ○ Compiling /_error ...
 ✓ Compiled /_error in 575ms
 GET /en 404 in 2ms
 ○ Compiling /_not-found/page ...
 ✓ Compiled /_not-found/page in 1453ms
 ⨯ [Error: @clerk/clerk-react: The publishableKey passed to Clerk is invalid. You can get your Publishable key at https://dashboard.clerk.com/last-active?path=api-keys. (key=pk_test_cG93ZXJmdWwtc2FsbW9uLTk5LmNsZXJrLmFjY291bnRzLmRldg==)] {
  digest: '2823459098'
}
 ⨯ [Error: Publishable key not valid.]
[?25h
